#
# A fatal error has been detected by the Java Runtime Environment:
#
#  EXCEPTION_UNCAUGHT_CXX_EXCEPTION (0xe06d7363) at pc=0x74a5c42d, pid=9316, tid=13348
#
# JRE version: 7.0_03-b05
# Java VM: Java HotSpot(TM) Client VM (22.1-b02 mixed mode, sharing windows-x86 )
# Problematic frame:
# C  [KERNELBASE.dll+0xc42d]
#
# Failed to write core dump. Minidumps are not enabled by default on client versions of Windows
#
# If you would like to submit a bug report, please visit:
#   http://bugreport.sun.com/bugreport/crash.jsp
# The crash happened outside the Java Virtual Machine in native code.
# See problematic frame for where to report the bug.
#

---------------  T H R E A D  ---------------

Current thread (0x001ea000):  JavaThread "main" [_thread_in_native, id=13348, stack(0x00f20000,0x00f70000)]

siginfo: ExceptionCode=0xe06d7363, ExceptionInformation=0x19930520 0x00f6f584 0x5d02b824 

Registers:
EAX=0x00f6f388, EBX=0x00000000, ECX=0x00000003, EDX=0x00000000
ESP=0x00f6f388, EBP=0x00f6f3d8, ESI=0x5d02b824, EDI=0x00f6f584
EIP=0x74a5c42d, EFLAGS=0x00000216

Top of Stack: (sp=0x00f6f388)
0x00f6f388:   e06d7363 00000001 00000000 74a5c42d
0x00f6f398:   00000003 19930520 00f6f584 5d02b824
0x00f6f3a8:   5ce860cc 00000030 0000002f 00f6f590
0x00f6f3b8:   00f6f694 00f6f590 0042fb40 00f6f3b0
0x00f6f3c8:   00f6f410 00f6f590 0000002f 5ce866ad
0x00f6f3d8:   00f6f418 6aa29339 e06d7363 00000001
0x00f6f3e8:   00000003 00f6f40c 00418b50 00424ff0
0x00f6f3f8:   e06d7363 00000001 00000000 00000000 

Instructions: (pc=0x74a5c42d)
0x74a5c40d:   02 50 ff 75 14 8d 45 c4 50 e8 57 ad 02 00 83 c4
0x74a5c41d:   0c eb 03 89 45 c0 8d 45 b0 50 ff 15 5c 11 a5 74
0x74a5c42d:   c9 c2 10 00 cc cc cc cc cc 8b ff 55 8b ec 56 8b
0x74a5c43d:   75 08 83 fe f4 72 18 83 fe f6 77 13 8d 45 08 50 


Register to memory mapping:

EAX=0x00f6f388 is pointing into the stack for thread: 0x001ea000
EBX=0x00000000 is an unknown value
ECX=0x00000003 is an unknown value
EDX=0x00000000 is an unknown value
ESP=0x00f6f388 is pointing into the stack for thread: 0x001ea000
EBP=0x00f6f3d8 is pointing into the stack for thread: 0x001ea000
ESI=0x5d02b824 is an unknown value
EDI=0x00f6f584 is pointing into the stack for thread: 0x001ea000


Stack: [0x00f20000,0x00f70000],  sp=0x00f6f388,  free space=316k
Native frames: (J=compiled Java code, j=interpreted, Vv=VM code, C=native code)
C  [KERNELBASE.dll+0xc42d]  RaiseException+0x58
C  [MSVCR120.dll+0x19339]  CxxThrowException+0x4e
C  [Leap.dll+0x2e406]  Leap::Frame::deserializeCString+0x3a96
C  [Leap.dll+0x2adf5]  Leap::Frame::deserializeCString+0x485
C  [Leap.dll+0x2a9fd]  Leap::Frame::deserializeCString+0x8d
C  [LeapJava.dll+0xc078]  Java_com_leapmotion_leap_LeapJNI_Frame_1deserialize+0x38
j  com.leapmotion.leap.LeapJNI.Frame_deserialize(JLcom/leapmotion/leap/Frame;[BI)V+0
j  com.leapmotion.leap.Frame.deserialize([B)V+8
j  LeapMotionFrameFileOperation.readFile(Ljava/lang/String;)Ljava/util/List;+181
j  DisplayFileData.main([Ljava/lang/String;)V+68
v  ~StubRoutines::call_stub
V  [jvm.dll+0x123c0a]
V  [jvm.dll+0x1c9e8e]
V  [jvm.dll+0x123c8d]
V  [jvm.dll+0xa92d4]
V  [jvm.dll+0xb3657]
C  [javaw.exe+0x1fe5]
C  [javaw.exe+0xa0cb]
C  [javaw.exe+0xa155]
C  [kernel32.dll+0x1338a]  BaseThreadInitThunk+0x12
C  [ntdll.dll+0x39882]  RtlInitializeExceptionChain+0x63
C  [ntdll.dll+0x39855]  RtlInitializeExceptionChain+0x36

Java frames: (J=compiled Java code, j=interpreted, Vv=VM code)
j  com.leapmotion.leap.LeapJNI.Frame_deserialize(JLcom/leapmotion/leap/Frame;[BI)V+0
j  com.leapmotion.leap.Frame.deserialize([B)V+8
j  LeapMotionFrameFileOperation.readFile(Ljava/lang/String;)Ljava/util/List;+181
j  DisplayFileData.main([Ljava/lang/String;)V+68
v  ~StubRoutines::call_stub

---------------  P R O C E S S  ---------------

Java Threads: ( => current thread )
  0x0260ec00 JavaThread "Service Thread" daemon [_thread_blocked, id=12720, stack(0x04df0000,0x04e40000)]
  0x02609c00 JavaThread "C1 CompilerThread0" daemon [_thread_blocked, id=10052, stack(0x04ba0000,0x04bf0000)]
  0x02608800 JavaThread "Attach Listener" daemon [_thread_blocked, id=13648, stack(0x04a40000,0x04a90000)]
  0x02605800 JavaThread "Signal Dispatcher" daemon [_thread_blocked, id=13396, stack(0x04690000,0x046e0000)]
  0x025e1000 JavaThread "Finalizer" daemon [_thread_blocked, id=13560, stack(0x04910000,0x04960000)]
  0x025df800 JavaThread "Reference Handler" daemon [_thread_blocked, id=13960, stack(0x047f0000,0x04840000)]
=>0x001ea000 JavaThread "main" [_thread_in_native, id=13348, stack(0x00f20000,0x00f70000)]

Other Threads:
  0x025de000 VMThread [stack: 0x04700000,0x04750000] [id=4848]
  0x02610000 WatcherThread [stack: 0x04f50000,0x04fa0000] [id=12156]

VM state:not at safepoint (normal execution)

VM Mutex/Monitor currently owned by a thread: None

Heap
 def new generation   total 4928K, used 1476K [0x24740000, 0x24c90000, 0x29c90000)
  eden space 4416K,  33% used [0x24740000, 0x248b10d0, 0x24b90000)
  from space 512K,   0% used [0x24b90000, 0x24b90000, 0x24c10000)
  to   space 512K,   0% used [0x24c10000, 0x24c10000, 0x24c90000)
 tenured generation   total 10944K, used 0K [0x29c90000, 0x2a740000, 0x34740000)
   the space 10944K,   0% used [0x29c90000, 0x29c90000, 0x29c90200, 0x2a740000)
 compacting perm gen  total 12288K, used 895K [0x34740000, 0x35340000, 0x38740000)
   the space 12288K,   7% used [0x34740000, 0x3481fde0, 0x3481fe00, 0x35340000)
    ro space 10240K,  45% used [0x38740000, 0x38bc2e40, 0x38bc3000, 0x39140000)
    rw space 12288K,  54% used [0x39140000, 0x397c67b8, 0x397c6800, 0x39d40000)

Code Cache  [0x02630000, 0x026d8000, 0x04630000)
 total_blobs=210 nmethods=49 adapters=98 free_code_cache=32099Kb largest_free_block=32870016

Dynamic libraries:
0x00fd0000 - 0x00fff000 	D:\web\development_environment\JDK\bin\javaw.exe
0x773b0000 - 0x77530000 	C:\windows\SysWOW64\ntdll.dll
0x74da0000 - 0x74eb0000 	C:\windows\syswow64\kernel32.dll
0x74a50000 - 0x74a97000 	C:\windows\syswow64\KERNELBASE.dll
0x74aa0000 - 0x74b41000 	C:\windows\syswow64\ADVAPI32.dll
0x75520000 - 0x755cc000 	C:\windows\syswow64\msvcrt.dll
0x76dd0000 - 0x76de9000 	C:\windows\SysWOW64\sechost.dll
0x76900000 - 0x769f0000 	C:\windows\syswow64\RPCRT4.dll
0x74880000 - 0x748e0000 	C:\windows\syswow64\SspiCli.dll
0x74870000 - 0x7487c000 	C:\windows\syswow64\CRYPTBASE.dll
0x74950000 - 0x74a50000 	C:\windows\syswow64\USER32.dll
0x75490000 - 0x75520000 	C:\windows\syswow64\GDI32.dll
0x76e60000 - 0x76e6a000 	C:\windows\syswow64\LPK.dll
0x753f0000 - 0x7548d000 	C:\windows\syswow64\USP10.dll
0x74430000 - 0x745ce000 	C:\windows\WinSxS\x86_microsoft.windows.common-controls_6595b64144ccf1df_6.0.7601.18837_none_41e855142bd5705d\COMCTL32.dll
0x755e0000 - 0x75637000 	C:\windows\syswow64\SHLWAPI.dll
0x76df0000 - 0x76e50000 	C:\windows\system32\IMM32.DLL
0x75320000 - 0x753ec000 	C:\windows\syswow64\MSCTF.dll
0x74390000 - 0x743ab000 	C:\windows\SysWOW64\nvinit.dll
0x68af0000 - 0x68bae000 	D:\web\development_environment\JDK\jre\bin\msvcr100.dll
0x6be60000 - 0x6c188000 	D:\web\development_environment\JDK\jre\bin\client\jvm.dll
0x72200000 - 0x72207000 	C:\windows\system32\WSOCK32.dll
0x758e0000 - 0x75915000 	C:\windows\syswow64\WS2_32.dll
0x755d0000 - 0x755d6000 	C:\windows\syswow64\NSI.dll
0x752a0000 - 0x752d2000 	C:\windows\syswow64\WINMM.dll
0x76dc0000 - 0x76dc5000 	C:\windows\syswow64\PSAPI.DLL
0x71670000 - 0x7167c000 	D:\web\development_environment\JDK\jre\bin\verify.dll
0x71650000 - 0x71670000 	D:\web\development_environment\JDK\jre\bin\java.dll
0x6d5e0000 - 0x6d5f3000 	D:\web\development_environment\JDK\jre\bin\zip.dll
0x6d5c0000 - 0x6d5d4000 	D:\web\development_environment\JDK\jre\bin\net.dll
0x71b30000 - 0x71b6c000 	C:\windows\system32\mswsock.dll
0x72210000 - 0x72216000 	C:\windows\System32\wship6.dll
0x721f0000 - 0x721ff000 	D:\web\development_environment\JDK\jre\bin\nio.dll
0x697e0000 - 0x69814000 	D:\workspaceOfJavaEclipse\TestLeapMotion\lib\x86\LeapJava.dll
0x6ad50000 - 0x6adc1000 	C:\windows\system32\MSVCP120.dll
0x6aa10000 - 0x6aafe000 	C:\windows\system32\MSVCR120.dll
0x5ce80000 - 0x5d06b000 	D:\workspaceOfJavaEclipse\TestLeapMotion\lib\x86\Leap.dll

VM Arguments:
jvm_args: -Djava.library.path=D:\workspaceOfJavaEclipse\TestLeapMotion\lib\x86 -Dfile.encoding=GBK 
java_command: DisplayFileData
Launcher Type: SUN_STANDARD

Environment Variables:
JAVA_HOME=D:\web\development_environment\JDK
CLASSPATH=.;D:\web\development_environment\JDK\lib\dt.jar;D:\web\development_environment\JDK\lib;D:\web\development_environment\JDK\lib\tools.jar;D:\web\development_environment\JDK\lib\dt.jar;D:\web\development_environment\JDK\lib\tools.jar;D:\web_test\WEB-INF\classes;D:\web\development_environment\tomcat\apache-tomcat-7.0.26-windows-x86\apache-tomcat-7.0.26\lib
PATH=D:\workspaceOfJavaEclipse\TestLeapMotion\lib\x86;/client;D:/web/development_environment/JDK/bin/../jre/bin;D:/web/development_environment/JDK/bin/../jre/lib/i386;D:\web\development_environment\maven3.3.3\myown_maven_repository;D:\web\development_environment\apache-maven-3.0.2\bin;D:\web\development_environment\JDK\bin;C:\ProgramData\Oracle\Java\javapath;C:\windows\system32;C:\windows;C:\windows\system32\wbem;e:\quartusii9.0_2015\quartus\quartus\binG:\EDA Software\win32;G:\Modelsim\anzhuang\win32;D:\web\development_environment\mySQL\mysql-5.6.24-win32\bin;D:\web\development_environment\JDK\bin;G:\EDA Software\win32;G:\Modelsim\anzhuang\win32;D:\web\development_environment\maven3.3.3\apache-maven-3.3.3-bin\apache-maven-3.3.3\bin;D:\Android\developing_environment\Eclipse;D:/web/development_environment/JDK/bin/../jre/bin/client;D:/web/development_environment/JDK/bin/../jre/bin;D:/web/development_environment/JDK/bin/../jre/lib/i386;D:\web\development_environment\maven3.3.3\myown_maven_repository;D:\web\development_environment\apache-maven-3.0.2\bin;D:\web\development_environment\JDK\bin;C:\ProgramData\Oracle\Java\javapath;C:\windows\system32;C:\windows;C:\windows\system32\wbem;e:\quartusii9.0_2015\quartus\quartus\binG:\EDA Software\win32;G:\Modelsim\anzhuang\win32;D:\web\development_environment\mySQL\mysql-5.6.24-win32\bin;D:\web\development_environment\JDK\bin;G:\EDA Software\win32;G:\Modelsim\anzhuang\win32;D:\web\development_environment\maven3.3.3\apache-maven-3.3.3-bin\apache-maven-3.3.3\bin;D:\Android\developing_environment\Eclipse;
USERNAME=chen
OS=Windows_NT
PROCESSOR_IDENTIFIER=Intel64 Family 6 Model 37 Stepping 5, GenuineIntel



---------------  S Y S T E M  ---------------

OS: Windows 7 , 64 bit Build 7601 Service Pack 1

CPU:total 4 (2 cores per cpu, 2 threads per core) family 6 model 37 stepping 5, cmov, cx8, fxsr, mmx, sse, sse2, sse3, ssse3, sse4.1, sse4.2, popcnt, ht

Memory: 4k page, physical 3985884k(1417116k free), swap 7969932k(3019300k free)

vm_info: Java HotSpot(TM) Client VM (22.1-b02) for windows-x86 JRE (1.7.0_03-b05), built on Feb  3 2012 20:43:37 by "java_re" with unknown MS VC++:1600

time: Mon Nov 28 15:00:36 2016
elapsed time: 15 seconds

